sokoban_copie/app/build/outputs/logs/manifest-merger-debug-report.txt
-- Merging decision tree log ---
manifest
ADDED from src/main/AndroidManifest.xml:2:1-38:12
	package
		ADDED from src/main/AndroidManifest.xml:3:7-34
		INJECTED from src/main/AndroidManifest.xml
		INJECTED from src/main/AndroidManifest.xml
	android:versionName
		ADDED from src/main/AndroidManifest.xml:5:7-32
		INJECTED from src/main/AndroidManifest.xml
		INJECTED from src/main/AndroidManifest.xml
	android:versionCode
		ADDED from src/main/AndroidManifest.xml:4:7-30
		INJECTED from src/main/AndroidManifest.xml
		INJECTED from src/main/AndroidManifest.xml
	xmlns:android
		ADDED from src/main/AndroidManifest.xml:2:11-69
application
ADDED from src/main/AndroidManifest.xml:6:5-35:19
	android:label
		ADDED from src/main/AndroidManifest.xml:7:9-36
	android:icon
		ADDED from src/main/AndroidManifest.xml:6:18-47
activity#p8.demo.p8sokoban.p8_Sokoban
ADDED from src/main/AndroidManifest.xml:8:9-12:20
	android:screenOrientation
		ADDED from src/main/AndroidManifest.xml:10:13-49
	android:label
		ADDED from src/main/AndroidManifest.xml:9:19-46
	android:name
		ADDED from src/main/AndroidManifest.xml:8:19-45
activity#p8.demo.p8sokoban.menu
ADDED from src/main/AndroidManifest.xml:13:9-21:20
	android:screenOrientation
		ADDED from src/main/AndroidManifest.xml:15:13-49
	android:label
		ADDED from src/main/AndroidManifest.xml:14:13-40
	android:name
		ADDED from src/main/AndroidManifest.xml:13:19-39
intent-filter#android.intent.action.MAIN+android.intent.category.LAUNCHER
ADDED from src/main/AndroidManifest.xml:17:13-20:29
action#android.intent.action.MAIN
ADDED from src/main/AndroidManifest.xml:18:17-69
	android:name
		ADDED from src/main/AndroidManifest.xml:18:25-66
category#android.intent.category.LAUNCHER
ADDED from src/main/AndroidManifest.xml:19:17-77
	android:name
		ADDED from src/main/AndroidManifest.xml:19:27-74
activity#p8.demo.p8sokoban.Jouer
ADDED from src/main/AndroidManifest.xml:22:9-26:20
	android:screenOrientation
		ADDED from src/main/AndroidManifest.xml:24:13-49
	android:label
		ADDED from src/main/AndroidManifest.xml:23:13-40
	android:name
		ADDED from src/main/AndroidManifest.xml:22:19-40
activity#p8.demo.p8sokoban.Propos
ADDED from src/main/AndroidManifest.xml:27:9-30:20
	android:screenOrientation
		ADDED from src/main/AndroidManifest.xml:29:13-49
	android:label
		ADDED from src/main/AndroidManifest.xml:28:13-37
	android:name
		ADDED from src/main/AndroidManifest.xml:27:19-41
activity#p8.demo.p8sokoban.Meilleur_score
ADDED from src/main/AndroidManifest.xml:31:9-34:20
	android:screenOrientation
		ADDED from src/main/AndroidManifest.xml:33:13-49
	android:label
		ADDED from src/main/AndroidManifest.xml:32:13-34
	android:name
		ADDED from src/main/AndroidManifest.xml:31:19-49